# JRE version: OpenJDK Runtime Environment (21.0.6) (build 21.0.6+-13368085-b895.109)
# Java VM: OpenJDK 64-Bit Server VM (21.0.6+-13368085-b895.109, mixed mode, tiered, compressed oops, compressed class ptrs, g1 gc, windows-amd64)
GC Precious Log:
 CardTable entry size: 512
 Card Set container configuration: InlinePtr #cards 5 size 8 Array Of Cards #cards 12 size 40 Howl #buckets 4 coarsen threshold 1843 Howl Bitmap #cards 512 size 80 coarsen threshold 460 Card regions per heap region 1 cards per card region 2048
 CPUs: 8 total, 8 available
 Memory: 7934M
 Large Page Support: Disabled
 NUMA Support: Disabled
 Compressed Oops: Enabled (32-bit)
 Heap Region Size: 1M
 Heap Min Capacity: 8M
 Heap Initial Capacity: 124M
 Heap Max Capacity: 2G
 Pre-touch: Disabled
 Parallel Workers: 8
 Concurrent Workers: 2
 Concurrent Refinement Workers: 8
 Periodic GC: Disabled
Heap:
 garbage-first heap   total 337920K, used 189610K [0x0000000080000000, 0x0000000100000000)
  region size 1024K, 10 young (10240K), 10 survivors (10240K)
 Metaspace       used 118950K, committed 121216K, reserved 1179648K
  class space    used 16008K, committed 17152K, reserved 1048576K
GC Heap History (20 events):
Event: 21.145 GC heap after
{Heap after GC invocations=37 (full 0):
 garbage-first heap   total 160768K, used 102384K [0x0000000080000000, 0x0000000100000000)
  region size 1024K, 7 young (7168K), 7 survivors (7168K)
 Metaspace       used 111030K, committed 113152K, reserved 1179648K
  class space    used 15302K, committed 16384K, reserved 1048576K
}
Event: 21.832 GC heap before
{Heap before GC invocations=37 (full 0):
 garbage-first heap   total 160768K, used 144368K [0x0000000080000000, 0x0000000100000000)
  region size 1024K, 48 young (49152K), 7 survivors (7168K)
 Metaspace       used 111320K, committed 113472K, reserved 1179648K
  class space    used 15313K, committed 16384K, reserved 1048576K
}
Event: 21.842 GC heap after
{Heap after GC invocations=38 (full 0):
 garbage-first heap   total 160768K, used 107407K [0x0000000080000000, 0x0000000100000000)
  region size 1024K, 6 young (6144K), 6 survivors (6144K)
 Metaspace       used 111320K, committed 113472K, reserved 1179648K
  class space    used 15313K, committed 16384K, reserved 1048576K
}
Event: 22.050 GC heap before
{Heap before GC invocations=39 (full 0):
 garbage-first heap   total 181248K, used 143247K [0x0000000080000000, 0x0000000100000000)
  region size 1024K, 41 young (41984K), 6 survivors (6144K)
 Metaspace       used 111323K, committed 113472K, reserved 1179648K
  class space    used 15313K, committed 16384K, reserved 1048576K
}
Event: 22.058 GC heap after
{Heap after GC invocations=40 (full 0):
 garbage-first heap   total 181248K, used 109151K [0x0000000080000000, 0x0000000100000000)
  region size 1024K, 4 young (4096K), 4 survivors (4096K)
 Metaspace       used 111323K, committed 113472K, reserved 1179648K
  class space    used 15313K, committed 16384K, reserved 1048576K
}
Event: 22.473 GC heap before
{Heap before GC invocations=40 (full 0):
 garbage-first heap   total 181248K, used 166495K [0x0000000080000000, 0x0000000100000000)
  region size 1024K, 60 young (61440K), 4 survivors (4096K)
 Metaspace       used 111623K, committed 113792K, reserved 1179648K
  class space    used 15379K, committed 16448K, reserved 1048576K
}
Event: 22.482 GC heap after
{Heap after GC invocations=41 (full 0):
 garbage-first heap   total 218112K, used 109784K [0x0000000080000000, 0x0000000100000000)
  region size 1024K, 6 young (6144K), 6 survivors (6144K)
 Metaspace       used 111623K, committed 113792K, reserved 1179648K
  class space    used 15379K, committed 16448K, reserved 1048576K
}
Event: 24.804 GC heap before
{Heap before GC invocations=41 (full 0):
 garbage-first heap   total 218112K, used 202968K [0x0000000080000000, 0x0000000100000000)
  region size 1024K, 92 young (94208K), 6 survivors (6144K)
 Metaspace       used 114797K, committed 116992K, reserved 1179648K
  class space    used 15605K, committed 16704K, reserved 1048576K
}
Event: 24.819 GC heap after
{Heap after GC invocations=42 (full 0):
 garbage-first heap   total 224256K, used 123345K [0x0000000080000000, 0x0000000100000000)
  region size 1024K, 12 young (12288K), 12 survivors (12288K)
 Metaspace       used 114797K, committed 116992K, reserved 1179648K
  class space    used 15605K, committed 16704K, reserved 1048576K
}
Event: 25.360 GC heap before
{Heap before GC invocations=42 (full 0):
 garbage-first heap   total 224256K, used 159185K [0x0000000080000000, 0x0000000100000000)
  region size 1024K, 49 young (50176K), 12 survivors (12288K)
 Metaspace       used 114808K, committed 116992K, reserved 1179648K
  class space    used 15606K, committed 16704K, reserved 1048576K
}
Event: 25.375 GC heap after
{Heap after GC invocations=43 (full 0):
 garbage-first heap   total 224256K, used 136451K [0x0000000080000000, 0x0000000100000000)
  region size 1024K, 11 young (11264K), 11 survivors (11264K)
 Metaspace       used 114808K, committed 116992K, reserved 1179648K
  class space    used 15606K, committed 16704K, reserved 1048576K
}
Event: 26.351 GC heap before
{Heap before GC invocations=44 (full 0):
 garbage-first heap   total 244736K, used 210179K [0x0000000080000000, 0x0000000100000000)
  region size 1024K, 68 young (69632K), 11 survivors (11264K)
 Metaspace       used 115418K, committed 117632K, reserved 1179648K
  class space    used 15673K, committed 16768K, reserved 1048576K
}
Event: 26.369 GC heap after
{Heap after GC invocations=45 (full 0):
 garbage-first heap   total 244736K, used 158720K [0x0000000080000000, 0x0000000100000000)
  region size 1024K, 9 young (9216K), 9 survivors (9216K)
 Metaspace       used 115418K, committed 117632K, reserved 1179648K
  class space    used 15673K, committed 16768K, reserved 1048576K
}
Event: 27.180 GC heap before
{Heap before GC invocations=45 (full 0):
 garbage-first heap   total 244736K, used 210944K [0x0000000080000000, 0x0000000100000000)
  region size 1024K, 60 young (61440K), 9 survivors (9216K)
 Metaspace       used 115606K, committed 117824K, reserved 1179648K
  class space    used 15683K, committed 16768K, reserved 1048576K
}
Event: 27.197 GC heap after
{Heap after GC invocations=46 (full 0):
 garbage-first heap   total 244736K, used 166912K [0x0000000080000000, 0x0000000100000000)
  region size 1024K, 8 young (8192K), 8 survivors (8192K)
 Metaspace       used 115606K, committed 117824K, reserved 1179648K
  class space    used 15683K, committed 16768K, reserved 1048576K
}
Event: 27.255 GC heap before
{Heap before GC invocations=46 (full 0):
 garbage-first heap   total 244736K, used 173056K [0x0000000080000000, 0x0000000100000000)
  region size 1024K, 16 young (16384K), 8 survivors (8192K)
 Metaspace       used 115613K, committed 117824K, reserved 1179648K
  class space    used 15683K, committed 16768K, reserved 1048576K
}
Event: 27.266 GC heap after
{Heap after GC invocations=47 (full 0):
 garbage-first heap   total 244736K, used 175104K [0x0000000080000000, 0x0000000100000000)
  region size 1024K, 7 young (7168K), 7 survivors (7168K)
 Metaspace       used 115613K, committed 117824K, reserved 1179648K
  class space    used 15683K, committed 16768K, reserved 1048576K
}
Event: 27.768 GC heap before
{Heap before GC invocations=48 (full 0):
 garbage-first heap   total 337920K, used 232448K [0x0000000080000000, 0x0000000100000000)
  region size 1024K, 36 young (36864K), 7 survivors (7168K)
 Metaspace       used 116042K, committed 118272K, reserved 1179648K
  class space    used 15730K, committed 16832K, reserved 1048576K
}
Event: 27.779 GC heap after
{Heap after GC invocations=49 (full 0):
 garbage-first heap   total 337920K, used 179652K [0x0000000080000000, 0x0000000100000000)
  region size 1024K, 5 young (5120K), 5 survivors (5120K)
 Metaspace       used 116042K, committed 118272K, reserved 1179648K
  class space    used 15730K, committed 16832K, reserved 1048576K
}
Event: 28.712 GC heap before
{Heap before GC invocations=49 (full 0):
 garbage-first heap   total 337920K, used 251332K [0x0000000080000000, 0x0000000100000000)
  region size 1024K, 76 young (77824K), 5 survivors (5120K)
 Metaspace       used 118950K, committed 121216K, reserved 1179648K
  class space    used 16008K, committed 17152K, reserved 1048576K
}

