# JRE version: OpenJDK Runtime Environment (21.0.6) (build 21.0.6+-13368085-b895.109)
# Java VM: OpenJDK 64-Bit Server VM (21.0.6+-13368085-b895.109, mixed mode, tiered, compressed oops, compressed class ptrs, g1 gc, windows-amd64)
GC Precious Log:
 CardTable entry size: 512
 Card Set container configuration: InlinePtr #cards 5 size 8 Array Of Cards #cards 12 size 40 Howl #buckets 4 coarsen threshold 1843 Howl Bitmap #cards 512 size 80 coarsen threshold 460 Card regions per heap region 1 cards per card region 2048
 CPUs: 8 total, 8 available
 Memory: 7934M
 Large Page Support: Disabled
 NUMA Support: Disabled
 Compressed Oops: Enabled (32-bit)
 Heap Region Size: 1M
 Heap Min Capacity: 8M
 Heap Initial Capacity: 124M
 Heap Max Capacity: 2G
 Pre-touch: Disabled
 Parallel Workers: 8
 Concurrent Workers: 2
 Concurrent Refinement Workers: 8
 Periodic GC: Disabled
Heap:
 garbage-first heap   total 153600K, used 95474K [0x0000000080000000, 0x0000000100000000)
  region size 1024K, 7 young (7168K), 7 survivors (7168K)
 Metaspace       used 103674K, committed 105792K, reserved 1179648K
  class space    used 14230K, committed 15296K, reserved 1048576K
GC Heap History (20 events):
Event: 12.043 GC heap after
{Heap after GC invocations=20 (full 0):
 garbage-first heap   total 110592K, used 48583K [0x0000000080000000, 0x0000000100000000)
  region size 1024K, 5 young (5120K), 5 survivors (5120K)
 Metaspace       used 67091K, committed 68736K, reserved 1114112K
  class space    used 9104K, committed 9920K, reserved 1048576K
}
Event: 12.749 GC heap before
{Heap before GC invocations=20 (full 0):
 garbage-first heap   total 110592K, used 108999K [0x0000000080000000, 0x0000000100000000)
  region size 1024K, 51 young (52224K), 5 survivors (5120K)
 Metaspace       used 69998K, committed 71680K, reserved 1114112K
  class space    used 9481K, committed 10368K, reserved 1048576K
}
Event: 12.757 GC heap after
{Heap after GC invocations=21 (full 0):
 garbage-first heap   total 124928K, used 69051K [0x0000000080000000, 0x0000000100000000)
  region size 1024K, 7 young (7168K), 7 survivors (7168K)
 Metaspace       used 69998K, committed 71680K, reserved 1114112K
  class space    used 9481K, committed 10368K, reserved 1048576K
}
Event: 13.350 GC heap before
{Heap before GC invocations=21 (full 0):
 garbage-first heap   total 124928K, used 107963K [0x0000000080000000, 0x0000000100000000)
  region size 1024K, 46 young (47104K), 7 survivors (7168K)
 Metaspace       used 74069K, committed 75776K, reserved 1179648K
  class space    used 9940K, committed 10816K, reserved 1048576K
}
Event: 13.355 GC heap after
{Heap after GC invocations=22 (full 0):
 garbage-first heap   total 124928K, used 70986K [0x0000000080000000, 0x0000000100000000)
  region size 1024K, 2 young (2048K), 2 survivors (2048K)
 Metaspace       used 74069K, committed 75776K, reserved 1179648K
  class space    used 9940K, committed 10816K, reserved 1048576K
}
Event: 13.727 GC heap before
{Heap before GC invocations=23 (full 0):
 garbage-first heap   total 124928K, used 117066K [0x0000000080000000, 0x0000000100000000)
  region size 1024K, 42 young (43008K), 2 survivors (2048K)
 Metaspace       used 77685K, committed 79552K, reserved 1179648K
  class space    used 10493K, committed 11456K, reserved 1048576K
}
Event: 13.732 GC heap after
{Heap after GC invocations=24 (full 0):
 garbage-first heap   total 150528K, used 76515K [0x0000000080000000, 0x0000000100000000)
  region size 1024K, 6 young (6144K), 6 survivors (6144K)
 Metaspace       used 77685K, committed 79552K, reserved 1179648K
  class space    used 10493K, committed 11456K, reserved 1048576K
}
Event: 14.336 GC heap before
{Heap before GC invocations=24 (full 0):
 garbage-first heap   total 150528K, used 134883K [0x0000000080000000, 0x0000000100000000)
  region size 1024K, 63 young (64512K), 6 survivors (6144K)
 Metaspace       used 82495K, committed 84416K, reserved 1179648K
  class space    used 11093K, committed 12096K, reserved 1048576K
}
Event: 14.344 GC heap after
{Heap after GC invocations=25 (full 0):
 garbage-first heap   total 150528K, used 78958K [0x0000000080000000, 0x0000000100000000)
  region size 1024K, 3 young (3072K), 3 survivors (3072K)
 Metaspace       used 82495K, committed 84416K, reserved 1179648K
  class space    used 11093K, committed 12096K, reserved 1048576K
}
Event: 14.952 GC heap before
{Heap before GC invocations=25 (full 0):
 garbage-first heap   total 150528K, used 135278K [0x0000000080000000, 0x0000000100000000)
  region size 1024K, 58 young (59392K), 3 survivors (3072K)
 Metaspace       used 87804K, committed 89728K, reserved 1179648K
  class space    used 11781K, committed 12736K, reserved 1048576K
}
Event: 14.957 GC heap after
{Heap after GC invocations=26 (full 0):
 garbage-first heap   total 150528K, used 80969K [0x0000000080000000, 0x0000000100000000)
  region size 1024K, 5 young (5120K), 5 survivors (5120K)
 Metaspace       used 87804K, committed 89728K, reserved 1179648K
  class space    used 11781K, committed 12736K, reserved 1048576K
}
Event: 15.778 GC heap before
{Heap before GC invocations=27 (full 0):
 garbage-first heap   total 150528K, used 139337K [0x0000000080000000, 0x0000000100000000)
  region size 1024K, 59 young (60416K), 5 survivors (5120K)
 Metaspace       used 89748K, committed 91712K, reserved 1179648K
  class space    used 12069K, committed 13056K, reserved 1048576K
}
Event: 15.785 GC heap after
{Heap after GC invocations=28 (full 0):
 garbage-first heap   total 150528K, used 89488K [0x0000000080000000, 0x0000000100000000)
  region size 1024K, 8 young (8192K), 8 survivors (8192K)
 Metaspace       used 89748K, committed 91712K, reserved 1179648K
  class space    used 12069K, committed 13056K, reserved 1048576K
}
Event: 16.130 GC heap before
{Heap before GC invocations=28 (full 0):
 garbage-first heap   total 150528K, used 134544K [0x0000000080000000, 0x0000000100000000)
  region size 1024K, 51 young (52224K), 8 survivors (8192K)
 Metaspace       used 93102K, committed 95040K, reserved 1179648K
  class space    used 12525K, committed 13504K, reserved 1048576K
}
Event: 16.137 GC heap after
{Heap after GC invocations=29 (full 0):
 garbage-first heap   total 150528K, used 90413K [0x0000000080000000, 0x0000000100000000)
  region size 1024K, 3 young (3072K), 3 survivors (3072K)
 Metaspace       used 93102K, committed 95040K, reserved 1179648K
  class space    used 12525K, committed 13504K, reserved 1048576K
}
Event: 16.622 GC heap before
{Heap before GC invocations=29 (full 0):
 garbage-first heap   total 150528K, used 138541K [0x0000000080000000, 0x0000000100000000)
  region size 1024K, 50 young (51200K), 3 survivors (3072K)
 Metaspace       used 97050K, committed 99008K, reserved 1179648K
  class space    used 13232K, committed 14208K, reserved 1048576K
}
Event: 16.626 GC heap after
{Heap after GC invocations=30 (full 0):
 garbage-first heap   total 150528K, used 91726K [0x0000000080000000, 0x0000000100000000)
  region size 1024K, 4 young (4096K), 4 survivors (4096K)
 Metaspace       used 97050K, committed 99008K, reserved 1179648K
  class space    used 13232K, committed 14208K, reserved 1048576K
}
Event: 17.058 GC heap before
{Heap before GC invocations=31 (full 0):
 garbage-first heap   total 153600K, used 137806K [0x0000000080000000, 0x0000000100000000)
  region size 1024K, 49 young (50176K), 4 survivors (4096K)
 Metaspace       used 100001K, committed 102080K, reserved 1179648K
  class space    used 13702K, committed 14720K, reserved 1048576K
}
Event: 17.063 GC heap after
{Heap after GC invocations=32 (full 0):
 garbage-first heap   total 153600K, used 93589K [0x0000000080000000, 0x0000000100000000)
  region size 1024K, 6 young (6144K), 6 survivors (6144K)
 Metaspace       used 100001K, committed 102080K, reserved 1179648K
  class space    used 13702K, committed 14720K, reserved 1048576K
}
Event: 17.612 GC heap before
{Heap before GC invocations=32 (full 0):
 garbage-first heap   total 153600K, used 138645K [0x0000000080000000, 0x0000000100000000)
  region size 1024K, 50 young (51200K), 6 survivors (6144K)
 Metaspace       used 103674K, committed 105792K, reserved 1179648K
  class space    used 14230K, committed 15296K, reserved 1048576K
}

