# JRE version: OpenJDK Runtime Environment (21.0.6) (build 21.0.6+-13368085-b895.109)
# Java VM: OpenJDK 64-Bit Server VM (21.0.6+-13368085-b895.109, mixed mode, tiered, compressed oops, compressed class ptrs, g1 gc, windows-amd64)
GC Precious Log:
 CardTable entry size: 512
 Card Set container configuration: InlinePtr #cards 5 size 8 Array Of Cards #cards 12 size 40 Howl #buckets 4 coarsen threshold 1843 Howl Bitmap #cards 512 size 80 coarsen threshold 460 Card regions per heap region 1 cards per card region 2048
 CPUs: 8 total, 8 available
 Memory: 7934M
 Large Page Support: Disabled
 NUMA Support: Disabled
 Compressed Oops: Enabled (32-bit)
 Heap Region Size: 1M
 Heap Min Capacity: 8M
 Heap Initial Capacity: 124M
 Heap Max Capacity: 2G
 Pre-touch: Disabled
 Parallel Workers: 8
 Concurrent Workers: 2
 Concurrent Refinement Workers: 8
 Periodic GC: Disabled
Heap:
 garbage-first heap   total 150528K, used 132282K [0x0000000080000000, 0x0000000100000000)
  region size 1024K, 58 young (59392K), 4 survivors (4096K)
 Metaspace       used 80636K, committed 82496K, reserved 1179648K
  class space    used 10864K, committed 11840K, reserved 1048576K
GC Heap History (20 events):
Event: 3.963 GC heap before
{Heap before GC invocations=10 (full 0):
 garbage-first heap   total 93184K, used 77911K [0x0000000080000000, 0x0000000100000000)
  region size 1024K, 53 young (54272K), 8 survivors (8192K)
 Metaspace       used 46629K, committed 47936K, reserved 1114112K
  class space    used 6233K, committed 6848K, reserved 1048576K
}
Event: 3.969 GC heap after
{Heap after GC invocations=11 (full 0):
 garbage-first heap   total 93184K, used 32985K [0x0000000080000000, 0x0000000100000000)
  region size 1024K, 3 young (3072K), 3 survivors (3072K)
 Metaspace       used 46629K, committed 47936K, reserved 1114112K
  class space    used 6233K, committed 6848K, reserved 1048576K
}
Event: 4.611 GC heap before
{Heap before GC invocations=11 (full 0):
 garbage-first heap   total 93184K, used 82137K [0x0000000080000000, 0x0000000100000000)
  region size 1024K, 50 young (51200K), 3 survivors (3072K)
 Metaspace       used 53106K, committed 54528K, reserved 1114112K
  class space    used 7153K, committed 7872K, reserved 1048576K
}
Event: 4.616 GC heap after
{Heap after GC invocations=12 (full 0):
 garbage-first heap   total 112640K, used 35756K [0x0000000080000000, 0x0000000100000000)
  region size 1024K, 5 young (5120K), 5 survivors (5120K)
 Metaspace       used 53106K, committed 54528K, reserved 1114112K
  class space    used 7153K, committed 7872K, reserved 1048576K
}
Event: 6.584 GC heap before
{Heap before GC invocations=12 (full 0):
 garbage-first heap   total 112640K, used 76716K [0x0000000080000000, 0x0000000100000000)
  region size 1024K, 46 young (47104K), 5 survivors (5120K)
 Metaspace       used 58980K, committed 60480K, reserved 1114112K
  class space    used 7966K, committed 8768K, reserved 1048576K
}
Event: 6.588 GC heap after
{Heap after GC invocations=13 (full 0):
 garbage-first heap   total 112640K, used 37589K [0x0000000080000000, 0x0000000100000000)
  region size 1024K, 5 young (5120K), 5 survivors (5120K)
 Metaspace       used 58980K, committed 60480K, reserved 1114112K
  class space    used 7966K, committed 8768K, reserved 1048576K
}
Event: 9.294 GC heap before
{Heap before GC invocations=14 (full 0):
 garbage-first heap   total 112640K, used 100053K [0x0000000080000000, 0x0000000100000000)
  region size 1024K, 66 young (67584K), 5 survivors (5120K)
 Metaspace       used 65602K, committed 67200K, reserved 1114112K
  class space    used 8953K, committed 9728K, reserved 1048576K
}
Event: 9.302 GC heap after
{Heap after GC invocations=15 (full 0):
 garbage-first heap   total 112640K, used 44214K [0x0000000080000000, 0x0000000100000000)
  region size 1024K, 9 young (9216K), 9 survivors (9216K)
 Metaspace       used 65602K, committed 67200K, reserved 1114112K
  class space    used 8953K, committed 9728K, reserved 1048576K
}
Event: 9.733 GC heap before
{Heap before GC invocations=15 (full 0):
 garbage-first heap   total 112640K, used 95414K [0x0000000080000000, 0x0000000100000000)
  region size 1024K, 60 young (61440K), 9 survivors (9216K)
 Metaspace       used 66574K, committed 68160K, reserved 1114112K
  class space    used 9062K, committed 9856K, reserved 1048576K
}
Event: 9.743 GC heap after
{Heap after GC invocations=16 (full 0):
 garbage-first heap   total 112640K, used 46726K [0x0000000080000000, 0x0000000100000000)
  region size 1024K, 5 young (5120K), 5 survivors (5120K)
 Metaspace       used 66574K, committed 68160K, reserved 1114112K
  class space    used 9062K, committed 9856K, reserved 1048576K
}
Event: 10.025 GC heap before
{Heap before GC invocations=16 (full 0):
 garbage-first heap   total 112640K, used 97926K [0x0000000080000000, 0x0000000100000000)
  region size 1024K, 56 young (57344K), 5 survivors (5120K)
 Metaspace       used 66833K, committed 68416K, reserved 1114112K
  class space    used 9062K, committed 9856K, reserved 1048576K
}
Event: 10.029 GC heap after
{Heap after GC invocations=17 (full 0):
 garbage-first heap   total 112640K, used 47981K [0x0000000080000000, 0x0000000100000000)
  region size 1024K, 4 young (4096K), 4 survivors (4096K)
 Metaspace       used 66833K, committed 68416K, reserved 1114112K
  class space    used 9062K, committed 9856K, reserved 1048576K
}
Event: 10.231 GC heap before
{Heap before GC invocations=17 (full 0):
 garbage-first heap   total 112640K, used 99181K [0x0000000080000000, 0x0000000100000000)
  region size 1024K, 55 young (56320K), 4 survivors (4096K)
 Metaspace       used 67065K, committed 68736K, reserved 1114112K
  class space    used 9096K, committed 9920K, reserved 1048576K
}
Event: 10.235 GC heap after
{Heap after GC invocations=18 (full 0):
 garbage-first heap   total 112640K, used 49415K [0x0000000080000000, 0x0000000100000000)
  region size 1024K, 5 young (5120K), 5 survivors (5120K)
 Metaspace       used 67065K, committed 68736K, reserved 1114112K
  class space    used 9096K, committed 9920K, reserved 1048576K
}
Event: 10.931 GC heap before
{Heap before GC invocations=19 (full 0):
 garbage-first heap   total 112640K, used 110855K [0x0000000080000000, 0x0000000100000000)
  region size 1024K, 52 young (53248K), 5 survivors (5120K)
 Metaspace       used 70131K, committed 71808K, reserved 1114112K
  class space    used 9496K, committed 10368K, reserved 1048576K
}
Event: 10.938 GC heap after
{Heap after GC invocations=20 (full 0):
 garbage-first heap   total 124928K, used 70073K [0x0000000080000000, 0x0000000100000000)
  region size 1024K, 7 young (7168K), 7 survivors (7168K)
 Metaspace       used 70131K, committed 71808K, reserved 1114112K
  class space    used 9496K, committed 10368K, reserved 1048576K
}
Event: 11.414 GC heap before
{Heap before GC invocations=20 (full 0):
 garbage-first heap   total 124928K, used 110009K [0x0000000080000000, 0x0000000100000000)
  region size 1024K, 46 young (47104K), 7 survivors (7168K)
 Metaspace       used 74230K, committed 75968K, reserved 1114112K
  class space    used 9963K, committed 10816K, reserved 1048576K
}
Event: 11.420 GC heap after
{Heap after GC invocations=21 (full 0):
 garbage-first heap   total 150528K, used 70885K [0x0000000080000000, 0x0000000100000000)
  region size 1024K, 2 young (2048K), 2 survivors (2048K)
 Metaspace       used 74230K, committed 75968K, reserved 1114112K
  class space    used 9963K, committed 10816K, reserved 1048576K
}
Event: 11.683 GC heap before
{Heap before GC invocations=21 (full 0):
 garbage-first heap   total 150528K, used 93413K [0x0000000080000000, 0x0000000100000000)
  region size 1024K, 26 young (26624K), 2 survivors (2048K)
 Metaspace       used 77404K, committed 79168K, reserved 1179648K
  class space    used 10430K, committed 11328K, reserved 1048576K
}
Event: 11.688 GC heap after
{Heap after GC invocations=22 (full 0):
 garbage-first heap   total 150528K, used 72890K [0x0000000080000000, 0x0000000100000000)
  region size 1024K, 4 young (4096K), 4 survivors (4096K)
 Metaspace       used 77404K, committed 79168K, reserved 1179648K
  class space    used 10430K, committed 11328K, reserved 1048576K
}

