# JRE version: OpenJDK Runtime Environment (21.0.6) (build 21.0.6+-13368085-b895.109)
# Java VM: OpenJDK 64-Bit Server VM (21.0.6+-13368085-b895.109, mixed mode, tiered, compressed oops, compressed class ptrs, g1 gc, windows-amd64)
GC Precious Log:
 CardTable entry size: 512
 Card Set container configuration: InlinePtr #cards 5 size 8 Array Of Cards #cards 12 size 40 Howl #buckets 4 coarsen threshold 1843 Howl Bitmap #cards 512 size 80 coarsen threshold 460 Card regions per heap region 1 cards per card region 2048
 CPUs: 8 total, 8 available
 Memory: 7934M
 Large Page Support: Disabled
 NUMA Support: Disabled
 Compressed Oops: Enabled (32-bit)
 Heap Region Size: 1M
 Heap Min Capacity: 8M
 Heap Initial Capacity: 124M
 Heap Max Capacity: 2G
 Pre-touch: Disabled
 Parallel Workers: 8
 Concurrent Workers: 2
 Concurrent Refinement Workers: 8
 Periodic GC: Disabled
Heap:
 garbage-first heap   total 275456K, used 180487K [0x0000000080000000, 0x0000000100000000)
  region size 1024K, 10 young (10240K), 10 survivors (10240K)
 Metaspace       used 117486K, committed 119744K, reserved 1179648K
  class space    used 15823K, committed 16960K, reserved 1048576K
GC Heap History (20 events):
Event: 15.874 GC heap after
{Heap after GC invocations=34 (full 0):
 garbage-first heap   total 160768K, used 98259K [0x0000000080000000, 0x0000000100000000)
  region size 1024K, 6 young (6144K), 6 survivors (6144K)
 Metaspace       used 107603K, committed 109696K, reserved 1179648K
  class space    used 14776K, committed 15808K, reserved 1048576K
}
Event: 16.621 GC heap before
{Heap before GC invocations=34 (full 0):
 garbage-first heap   total 160768K, used 144339K [0x0000000080000000, 0x0000000100000000)
  region size 1024K, 51 young (52224K), 6 survivors (6144K)
 Metaspace       used 111026K, committed 113216K, reserved 1179648K
  class space    used 15287K, committed 16384K, reserved 1048576K
}
Event: 16.633 GC heap after
{Heap after GC invocations=35 (full 0):
 garbage-first heap   total 160768K, used 101887K [0x0000000080000000, 0x0000000100000000)
  region size 1024K, 7 young (7168K), 7 survivors (7168K)
 Metaspace       used 111026K, committed 113216K, reserved 1179648K
  class space    used 15287K, committed 16384K, reserved 1048576K
}
Event: 16.986 GC heap before
{Heap before GC invocations=35 (full 0):
 garbage-first heap   total 160768K, used 143871K [0x0000000080000000, 0x0000000100000000)
  region size 1024K, 48 young (49152K), 7 survivors (7168K)
 Metaspace       used 111272K, committed 113472K, reserved 1179648K
  class space    used 15298K, committed 16384K, reserved 1048576K
}
Event: 16.997 GC heap after
{Heap after GC invocations=36 (full 0):
 garbage-first heap   total 193536K, used 107561K [0x0000000080000000, 0x0000000100000000)
  region size 1024K, 6 young (6144K), 6 survivors (6144K)
 Metaspace       used 111272K, committed 113472K, reserved 1179648K
  class space    used 15298K, committed 16384K, reserved 1048576K
}
Event: 17.363 GC heap before
{Heap before GC invocations=37 (full 0):
 garbage-first heap   total 193536K, used 173097K [0x0000000080000000, 0x0000000100000000)
  region size 1024K, 71 young (72704K), 6 survivors (6144K)
 Metaspace       used 111284K, committed 113472K, reserved 1179648K
  class space    used 15298K, committed 16384K, reserved 1048576K
}
Event: 17.370 GC heap after
{Heap after GC invocations=38 (full 0):
 garbage-first heap   total 193536K, used 109640K [0x0000000080000000, 0x0000000100000000)
  region size 1024K, 5 young (5120K), 5 survivors (5120K)
 Metaspace       used 111284K, committed 113472K, reserved 1179648K
  class space    used 15298K, committed 16384K, reserved 1048576K
}
Event: 22.740 GC heap before
{Heap before GC invocations=38 (full 0):
 garbage-first heap   total 193536K, used 182344K [0x0000000080000000, 0x0000000100000000)
  region size 1024K, 70 young (71680K), 5 survivors (5120K)
 Metaspace       used 114442K, committed 116544K, reserved 1179648K
  class space    used 15588K, committed 16640K, reserved 1048576K
}
Event: 22.752 GC heap after
{Heap after GC invocations=39 (full 0):
 garbage-first heap   total 195584K, used 112351K [0x0000000080000000, 0x0000000100000000)
  region size 1024K, 9 young (9216K), 9 survivors (9216K)
 Metaspace       used 114442K, committed 116544K, reserved 1179648K
  class space    used 15588K, committed 16640K, reserved 1048576K
}
Event: 23.616 GC heap before
{Heap before GC invocations=39 (full 0):
 garbage-first heap   total 195584K, used 173791K [0x0000000080000000, 0x0000000100000000)
  region size 1024K, 69 young (70656K), 9 survivors (9216K)
 Metaspace       used 114762K, committed 116864K, reserved 1179648K
  class space    used 15589K, committed 16640K, reserved 1048576K
}
Event: 23.632 GC heap after
{Heap after GC invocations=40 (full 0):
 garbage-first heap   total 197632K, used 126936K [0x0000000080000000, 0x0000000100000000)
  region size 1024K, 9 young (9216K), 9 survivors (9216K)
 Metaspace       used 114762K, committed 116864K, reserved 1179648K
  class space    used 15589K, committed 16640K, reserved 1048576K
}
Event: 24.141 GC heap before
{Heap before GC invocations=41 (full 0):
 garbage-first heap   total 211968K, used 184280K [0x0000000080000000, 0x0000000100000000)
  region size 1024K, 57 young (58368K), 9 survivors (9216K)
 Metaspace       used 114776K, committed 116992K, reserved 1179648K
  class space    used 15590K, committed 16704K, reserved 1048576K
}
Event: 24.161 GC heap after
{Heap after GC invocations=42 (full 0):
 garbage-first heap   total 219136K, used 153585K [0x0000000080000000, 0x0000000100000000)
  region size 1024K, 8 young (8192K), 8 survivors (8192K)
 Metaspace       used 114776K, committed 116992K, reserved 1179648K
  class space    used 15590K, committed 16704K, reserved 1048576K
}
Event: 24.755 GC heap before
{Heap before GC invocations=42 (full 0):
 garbage-first heap   total 219136K, used 196593K [0x0000000080000000, 0x0000000100000000)
  region size 1024K, 43 young (44032K), 8 survivors (8192K)
 Metaspace       used 115378K, committed 117504K, reserved 1179648K
  class space    used 15657K, committed 16704K, reserved 1048576K
}
Event: 24.766 GC heap after
{Heap after GC invocations=43 (full 0):
 garbage-first heap   total 219136K, used 159735K [0x0000000080000000, 0x0000000100000000)
  region size 1024K, 5 young (5120K), 5 survivors (5120K)
 Metaspace       used 115378K, committed 117504K, reserved 1179648K
  class space    used 15657K, committed 16704K, reserved 1048576K
}
Event: 25.098 GC heap before
{Heap before GC invocations=43 (full 0):
 garbage-first heap   total 219136K, used 194551K [0x0000000080000000, 0x0000000100000000)
  region size 1024K, 39 young (39936K), 5 survivors (5120K)
 Metaspace       used 115515K, committed 117632K, reserved 1179648K
  class space    used 15664K, committed 16704K, reserved 1048576K
}
Event: 25.109 GC heap after
{Heap after GC invocations=44 (full 0):
 garbage-first heap   total 219136K, used 164773K [0x0000000080000000, 0x0000000100000000)
  region size 1024K, 5 young (5120K), 5 survivors (5120K)
 Metaspace       used 115515K, committed 117632K, reserved 1179648K
  class space    used 15664K, committed 16704K, reserved 1048576K
}
Event: 25.553 GC heap before
{Heap before GC invocations=45 (full 0):
 garbage-first heap   total 275456K, used 224165K [0x0000000080000000, 0x0000000100000000)
  region size 1024K, 37 young (37888K), 5 survivors (5120K)
 Metaspace       used 115918K, committed 118080K, reserved 1179648K
  class space    used 15705K, committed 16768K, reserved 1048576K
}
Event: 25.562 GC heap after
{Heap after GC invocations=46 (full 0):
 garbage-first heap   total 275456K, used 166887K [0x0000000080000000, 0x0000000100000000)
  region size 1024K, 2 young (2048K), 2 survivors (2048K)
 Metaspace       used 115918K, committed 118080K, reserved 1179648K
  class space    used 15705K, committed 16768K, reserved 1048576K
}
Event: 25.866 GC heap before
{Heap before GC invocations=46 (full 0):
 garbage-first heap   total 275456K, used 241639K [0x0000000080000000, 0x0000000100000000)
  region size 1024K, 75 young (76800K), 2 survivors (2048K)
 Metaspace       used 117486K, committed 119744K, reserved 1179648K
  class space    used 15823K, committed 16960K, reserved 1048576K
}

