# JRE version: OpenJDK Runtime Environment (21.0.6) (build 21.0.6+-13368085-b895.109)
# Java VM: OpenJDK 64-Bit Server VM (21.0.6+-13368085-b895.109, mixed mode, tiered, compressed oops, compressed class ptrs, g1 gc, windows-amd64)
GC Precious Log:
 CardTable entry size: 512
 Card Set container configuration: InlinePtr #cards 5 size 8 Array Of Cards #cards 12 size 40 Howl #buckets 4 coarsen threshold 1843 Howl Bitmap #cards 512 size 80 coarsen threshold 460 Card regions per heap region 1 cards per card region 2048
 CPUs: 8 total, 8 available
 Memory: 7934M
 Large Page Support: Disabled
 NUMA Support: Disabled
 Compressed Oops: Enabled (32-bit)
 Heap Region Size: 1M
 Heap Min Capacity: 8M
 Heap Initial Capacity: 124M
 Heap Max Capacity: 2G
 Pre-touch: Disabled
 Parallel Workers: 8
 Concurrent Workers: 2
 Concurrent Refinement Workers: 8
 Periodic GC: Disabled
Heap:
 garbage-first heap   total 276480K, used 218535K [0x0000000080000000, 0x0000000100000000)
  region size 1024K, 49 young (50176K), 10 survivors (10240K)
 Metaspace       used 120015K, committed 122240K, reserved 1179648K
  class space    used 16112K, committed 17216K, reserved 1048576K
GC Heap History (20 events):
Event: 20.296 GC heap before
{Heap before GC invocations=41 (full 0):
 garbage-first heap   total 162816K, used 147690K [0x0000000080000000, 0x0000000100000000)
  region size 1024K, 54 young (55296K), 5 survivors (5120K)
 Metaspace       used 110901K, committed 113152K, reserved 1179648K
  class space    used 15291K, committed 16384K, reserved 1048576K
}
Event: 20.307 GC heap after
{Heap after GC invocations=42 (full 0):
 garbage-first heap   total 162816K, used 101650K [0x0000000080000000, 0x0000000100000000)
  region size 1024K, 7 young (7168K), 7 survivors (7168K)
 Metaspace       used 110901K, committed 113152K, reserved 1179648K
  class space    used 15291K, committed 16384K, reserved 1048576K
}
Event: 20.741 GC heap before
{Heap before GC invocations=42 (full 0):
 garbage-first heap   total 162816K, used 145682K [0x0000000080000000, 0x0000000100000000)
  region size 1024K, 50 young (51200K), 7 survivors (7168K)
 Metaspace       used 111253K, committed 113472K, reserved 1179648K
  class space    used 15304K, committed 16384K, reserved 1048576K
}
Event: 20.752 GC heap after
{Heap after GC invocations=43 (full 0):
 garbage-first heap   total 195584K, used 107327K [0x0000000080000000, 0x0000000100000000)
  region size 1024K, 6 young (6144K), 6 survivors (6144K)
 Metaspace       used 111253K, committed 113472K, reserved 1179648K
  class space    used 15304K, committed 16384K, reserved 1048576K
}
Event: 21.339 GC heap before
{Heap before GC invocations=44 (full 0):
 garbage-first heap   total 195584K, used 175935K [0x0000000080000000, 0x0000000100000000)
  region size 1024K, 74 young (75776K), 6 survivors (6144K)
 Metaspace       used 111269K, committed 113472K, reserved 1179648K
  class space    used 15304K, committed 16384K, reserved 1048576K
}
Event: 21.347 GC heap after
{Heap after GC invocations=45 (full 0):
 garbage-first heap   total 195584K, used 109991K [0x0000000080000000, 0x0000000100000000)
  region size 1024K, 5 young (5120K), 5 survivors (5120K)
 Metaspace       used 111269K, committed 113472K, reserved 1179648K
  class space    used 15304K, committed 16384K, reserved 1048576K
}
Event: 23.249 GC heap before
{Heap before GC invocations=45 (full 0):
 garbage-first heap   total 195584K, used 184743K [0x0000000080000000, 0x0000000100000000)
  region size 1024K, 72 young (73728K), 5 survivors (5120K)
 Metaspace       used 114485K, committed 116672K, reserved 1179648K
  class space    used 15595K, committed 16704K, reserved 1048576K
}
Event: 23.262 GC heap after
{Heap after GC invocations=46 (full 0):
 garbage-first heap   total 196608K, used 113473K [0x0000000080000000, 0x0000000100000000)
  region size 1024K, 9 young (9216K), 9 survivors (9216K)
 Metaspace       used 114485K, committed 116672K, reserved 1179648K
  class space    used 15595K, committed 16704K, reserved 1048576K
}
Event: 28.829 GC heap before
{Heap before GC invocations=46 (full 0):
 garbage-first heap   total 196608K, used 174913K [0x0000000080000000, 0x0000000100000000)
  region size 1024K, 70 young (71680K), 9 survivors (9216K)
 Metaspace       used 114748K, committed 116928K, reserved 1179648K
  class space    used 15597K, committed 16704K, reserved 1048576K
}
Event: 28.846 GC heap after
{Heap after GC invocations=47 (full 0):
 garbage-first heap   total 202752K, used 130927K [0x0000000080000000, 0x0000000100000000)
  region size 1024K, 9 young (9216K), 9 survivors (9216K)
 Metaspace       used 114748K, committed 116928K, reserved 1179648K
  class space    used 15597K, committed 16704K, reserved 1048576K
}
Event: 29.449 GC heap before
{Heap before GC invocations=48 (full 0):
 garbage-first heap   total 219136K, used 188271K [0x0000000080000000, 0x0000000100000000)
  region size 1024K, 56 young (57344K), 9 survivors (9216K)
 Metaspace       used 114962K, committed 117120K, reserved 1179648K
  class space    used 15628K, committed 16704K, reserved 1048576K
}
Event: 29.467 GC heap after
{Heap after GC invocations=49 (full 0):
 garbage-first heap   total 221184K, used 155961K [0x0000000080000000, 0x0000000100000000)
  region size 1024K, 7 young (7168K), 7 survivors (7168K)
 Metaspace       used 114962K, committed 117120K, reserved 1179648K
  class space    used 15628K, committed 16704K, reserved 1048576K
}
Event: 30.192 GC heap before
{Heap before GC invocations=49 (full 0):
 garbage-first heap   total 221184K, used 198969K [0x0000000080000000, 0x0000000100000000)
  region size 1024K, 42 young (43008K), 7 survivors (7168K)
 Metaspace       used 115374K, committed 117632K, reserved 1179648K
  class space    used 15664K, committed 16768K, reserved 1048576K
}
Event: 30.205 GC heap after
{Heap after GC invocations=50 (full 0):
 garbage-first heap   total 221184K, used 161129K [0x0000000080000000, 0x0000000100000000)
  region size 1024K, 6 young (6144K), 6 survivors (6144K)
 Metaspace       used 115374K, committed 117632K, reserved 1179648K
  class space    used 15664K, committed 16768K, reserved 1048576K
}
Event: 30.647 GC heap before
{Heap before GC invocations=50 (full 0):
 garbage-first heap   total 221184K, used 195945K [0x0000000080000000, 0x0000000100000000)
  region size 1024K, 40 young (40960K), 6 survivors (6144K)
 Metaspace       used 115497K, committed 117696K, reserved 1179648K
  class space    used 15672K, committed 16768K, reserved 1048576K
}
Event: 30.660 GC heap after
{Heap after GC invocations=51 (full 0):
 garbage-first heap   total 221184K, used 165428K [0x0000000080000000, 0x0000000100000000)
  region size 1024K, 4 young (4096K), 4 survivors (4096K)
 Metaspace       used 115497K, committed 117696K, reserved 1179648K
  class space    used 15672K, committed 16768K, reserved 1048576K
}
Event: 31.347 GC heap before
{Heap before GC invocations=52 (full 0):
 garbage-first heap   total 276480K, used 226868K [0x0000000080000000, 0x0000000100000000)
  region size 1024K, 37 young (37888K), 4 survivors (4096K)
 Metaspace       used 115961K, committed 118208K, reserved 1179648K
  class space    used 15722K, committed 16832K, reserved 1048576K
}
Event: 31.354 GC heap after
{Heap after GC invocations=53 (full 0):
 garbage-first heap   total 276480K, used 169020K [0x0000000080000000, 0x0000000100000000)
  region size 1024K, 4 young (4096K), 4 survivors (4096K)
 Metaspace       used 115961K, committed 118208K, reserved 1179648K
  class space    used 15722K, committed 16832K, reserved 1048576K
}
Event: 31.827 GC heap before
{Heap before GC invocations=53 (full 0):
 garbage-first heap   total 276480K, used 239676K [0x0000000080000000, 0x0000000100000000)
  region size 1024K, 74 young (75776K), 4 survivors (4096K)
 Metaspace       used 117870K, committed 120128K, reserved 1179648K
  class space    used 15895K, committed 17024K, reserved 1048576K
}
Event: 31.837 GC heap after
{Heap after GC invocations=54 (full 0):
 garbage-first heap   total 276480K, used 180647K [0x0000000080000000, 0x0000000100000000)
  region size 1024K, 10 young (10240K), 10 survivors (10240K)
 Metaspace       used 117870K, committed 120128K, reserved 1179648K
  class space    used 15895K, committed 17024K, reserved 1048576K
}

