# JRE version: OpenJDK Runtime Environment (21.0.6) (build 21.0.6+-13368085-b895.109)
# Java VM: OpenJDK 64-Bit Server VM (21.0.6+-13368085-b895.109, mixed mode, tiered, compressed oops, compressed class ptrs, g1 gc, windows-amd64)
GC Precious Log:
 CardTable entry size: 512
 Card Set container configuration: InlinePtr #cards 5 size 8 Array Of Cards #cards 12 size 40 Howl #buckets 4 coarsen threshold 1843 Howl Bitmap #cards 512 size 80 coarsen threshold 460 Card regions per heap region 1 cards per card region 2048
 CPUs: 8 total, 8 available
 Memory: 7934M
 Large Page Support: Disabled
 NUMA Support: Disabled
 Compressed Oops: Enabled (32-bit)
 Heap Region Size: 1M
 Heap Min Capacity: 8M
 Heap Initial Capacity: 124M
 Heap Max Capacity: 2G
 Pre-touch: Disabled
 Parallel Workers: 8
 Concurrent Workers: 2
 Concurrent Refinement Workers: 8
 Periodic GC: Disabled
Heap:
 garbage-first heap   total 242688K, used 172486K [0x0000000080000000, 0x0000000100000000)
  region size 1024K, 6 young (6144K), 6 survivors (6144K)
 Metaspace       used 115639K, committed 117824K, reserved 1179648K
  class space    used 15689K, committed 16768K, reserved 1048576K
GC Heap History (20 events):
Event: 25.148 GC heap after
{Heap after GC invocations=37 (full 0):
 garbage-first heap   total 160768K, used 102158K [0x0000000080000000, 0x0000000100000000)
  region size 1024K, 7 young (7168K), 7 survivors (7168K)
 Metaspace       used 110398K, committed 112576K, reserved 1179648K
  class space    used 15214K, committed 16320K, reserved 1048576K
}
Event: 25.962 GC heap before
{Heap before GC invocations=37 (full 0):
 garbage-first heap   total 160768K, used 143118K [0x0000000080000000, 0x0000000100000000)
  region size 1024K, 47 young (48128K), 7 survivors (7168K)
 Metaspace       used 111269K, committed 113472K, reserved 1179648K
  class space    used 15291K, committed 16384K, reserved 1048576K
}
Event: 25.971 GC heap after
{Heap after GC invocations=38 (full 0):
 garbage-first heap   total 160768K, used 108102K [0x0000000080000000, 0x0000000100000000)
  region size 1024K, 6 young (6144K), 6 survivors (6144K)
 Metaspace       used 111269K, committed 113472K, reserved 1179648K
  class space    used 15291K, committed 16384K, reserved 1048576K
}
Event: 26.468 GC heap before
{Heap before GC invocations=39 (full 0):
 garbage-first heap   total 181248K, used 142918K [0x0000000080000000, 0x0000000100000000)
  region size 1024K, 41 young (41984K), 6 survivors (6144K)
 Metaspace       used 111269K, committed 113472K, reserved 1179648K
  class space    used 15291K, committed 16384K, reserved 1048576K
}
Event: 26.474 GC heap after
{Heap after GC invocations=40 (full 0):
 garbage-first heap   total 181248K, used 110122K [0x0000000080000000, 0x0000000100000000)
  region size 1024K, 4 young (4096K), 4 survivors (4096K)
 Metaspace       used 111269K, committed 113472K, reserved 1179648K
  class space    used 15291K, committed 16384K, reserved 1048576K
}
Event: 27.657 GC heap before
{Heap before GC invocations=40 (full 0):
 garbage-first heap   total 181248K, used 166442K [0x0000000080000000, 0x0000000100000000)
  region size 1024K, 59 young (60416K), 4 survivors (4096K)
 Metaspace       used 111284K, committed 113472K, reserved 1179648K
  class space    used 15292K, committed 16384K, reserved 1048576K
}
Event: 27.665 GC heap after
{Heap after GC invocations=41 (full 0):
 garbage-first heap   total 181248K, used 109159K [0x0000000080000000, 0x0000000100000000)
  region size 1024K, 5 young (5120K), 5 survivors (5120K)
 Metaspace       used 111284K, committed 113472K, reserved 1179648K
  class space    used 15292K, committed 16384K, reserved 1048576K
}
Event: 27.751 GC heap before
{Heap before GC invocations=41 (full 0):
 garbage-first heap   total 181248K, used 113255K [0x0000000080000000, 0x0000000100000000)
  region size 1024K, 10 young (10240K), 5 survivors (5120K)
 Metaspace       used 111570K, committed 113728K, reserved 1179648K
  class space    used 15357K, committed 16448K, reserved 1048576K
}
Event: 27.757 GC heap after
{Heap after GC invocations=42 (full 0):
 garbage-first heap   total 181248K, used 109956K [0x0000000080000000, 0x0000000100000000)
  region size 1024K, 5 young (5120K), 5 survivors (5120K)
 Metaspace       used 111570K, committed 113728K, reserved 1179648K
  class space    used 15357K, committed 16448K, reserved 1048576K
}
Event: 28.658 GC heap before
{Heap before GC invocations=43 (full 0):
 garbage-first heap   total 188416K, used 161156K [0x0000000080000000, 0x0000000100000000)
  region size 1024K, 47 young (48128K), 5 survivors (5120K)
 Metaspace       used 114338K, committed 116544K, reserved 1179648K
  class space    used 15627K, committed 16704K, reserved 1048576K
}
Event: 28.666 GC heap after
{Heap after GC invocations=44 (full 0):
 garbage-first heap   total 188416K, used 112386K [0x0000000080000000, 0x0000000100000000)
  region size 1024K, 5 young (5120K), 5 survivors (5120K)
 Metaspace       used 114338K, committed 116544K, reserved 1179648K
  class space    used 15627K, committed 16704K, reserved 1048576K
}
Event: 29.393 GC heap before
{Heap before GC invocations=44 (full 0):
 garbage-first heap   total 188416K, used 160514K [0x0000000080000000, 0x0000000100000000)
  region size 1024K, 52 young (53248K), 5 survivors (5120K)
 Metaspace       used 114839K, committed 116992K, reserved 1179648K
  class space    used 15628K, committed 16704K, reserved 1048576K
}
Event: 29.405 GC heap after
{Heap after GC invocations=45 (full 0):
 garbage-first heap   total 188416K, used 122880K [0x0000000080000000, 0x0000000100000000)
  region size 1024K, 7 young (7168K), 7 survivors (7168K)
 Metaspace       used 114839K, committed 116992K, reserved 1179648K
  class space    used 15628K, committed 16704K, reserved 1048576K
}
Event: 29.871 GC heap before
{Heap before GC invocations=45 (full 0):
 garbage-first heap   total 188416K, used 162816K [0x0000000080000000, 0x0000000100000000)
  region size 1024K, 47 young (48128K), 7 survivors (7168K)
 Metaspace       used 114944K, committed 117184K, reserved 1179648K
  class space    used 15629K, committed 16768K, reserved 1048576K
}
Event: 29.881 GC heap after
{Heap after GC invocations=46 (full 0):
 garbage-first heap   total 188416K, used 135587K [0x0000000080000000, 0x0000000100000000)
  region size 1024K, 6 young (6144K), 6 survivors (6144K)
 Metaspace       used 114944K, committed 117184K, reserved 1179648K
  class space    used 15629K, committed 16768K, reserved 1048576K
}
Event: 30.127 GC heap before
{Heap before GC invocations=47 (full 0):
 garbage-first heap   total 242688K, used 174499K [0x0000000080000000, 0x0000000100000000)
  region size 1024K, 35 young (35840K), 6 survivors (6144K)
 Metaspace       used 114957K, committed 117184K, reserved 1179648K
  class space    used 15629K, committed 16768K, reserved 1048576K
}
Event: 30.143 GC heap after
{Heap after GC invocations=48 (full 0):
 garbage-first heap   total 242688K, used 155648K [0x0000000080000000, 0x0000000100000000)
  region size 1024K, 5 young (5120K), 5 survivors (5120K)
 Metaspace       used 114957K, committed 117184K, reserved 1179648K
  class space    used 15629K, committed 16768K, reserved 1048576K
}
Event: 30.882 GC heap before
{Heap before GC invocations=48 (full 0):
 garbage-first heap   total 242688K, used 205824K [0x0000000080000000, 0x0000000100000000)
  region size 1024K, 48 young (49152K), 5 survivors (5120K)
 Metaspace       used 115476K, committed 117632K, reserved 1179648K
  class space    used 15680K, committed 16768K, reserved 1048576K
}
Event: 30.896 GC heap after
{Heap after GC invocations=49 (full 0):
 garbage-first heap   total 242688K, used 161831K [0x0000000080000000, 0x0000000100000000)
  region size 1024K, 6 young (6144K), 6 survivors (6144K)
 Metaspace       used 115476K, committed 117632K, reserved 1179648K
  class space    used 15680K, committed 16768K, reserved 1048576K
}
Event: 31.391 GC heap before
{Heap before GC invocations=49 (full 0):
 garbage-first heap   total 242688K, used 204839K [0x0000000080000000, 0x0000000100000000)
  region size 1024K, 48 young (49152K), 6 survivors (6144K)
 Metaspace       used 115639K, committed 117824K, reserved 1179648K
  class space    used 15689K, committed 16768K, reserved 1048576K
}

